build/app/intermediates/manifest_merge_blame_file/debug/manifest-merger-blame-debug-report.txt
1<?xml version="1.0" encoding="utf-8"?>
2<manifest xmlns:android="http://schemas.android.com/apk/res/android"
3    package="com.example.speak"
4    android:versionCode="1"
5    android:versionName="1.0.0" >
6
7    <uses-sdk
8        android:minSdkVersion="21"
9        android:targetSdkVersion="35" />
10    <!--
11         The INTERNET permission is required for development. Specifically,
12         the Flutter tool needs it to communicate with the running application
13         to allow setting breakpoints, to provide hot reload, etc.
14    -->
15    <uses-permission android:name="android.permission.INTERNET" />
15-->src\main\AndroidManifest.xml:3:5-66
15-->src\main\AndroidManifest.xml:3:22-64
16    <uses-permission android:name="android.permission.RECORD_AUDIO" />
16-->src\main\AndroidManifest.xml:2:5-70
16-->src\main\AndroidManifest.xml:2:22-68
17    <!--
18 Required to query activities that can process text, see:
19         https://developer.android.com/training/package-visibility and
20         https://developer.android.com/reference/android/content/Intent#ACTION_PROCESS_TEXT.
21
22         In particular, this is used by the Flutter engine in io.flutter.plugin.text.ProcessTextPlugin.
23    -->
24    <queries>
24-->src\main\AndroidManifest.xml:42:5-47:15
25        <intent>
25-->src\main\AndroidManifest.xml:43:9-46:18
26            <action android:name="android.intent.action.PROCESS_TEXT" />
26-->src\main\AndroidManifest.xml:44:13-72
26-->src\main\AndroidManifest.xml:44:21-70
27
28            <data android:mimeType="text/plain" />
28-->src\main\AndroidManifest.xml:45:13-50
28-->src\main\AndroidManifest.xml:45:19-48
29        </intent>
30    </queries>
31
32    <uses-permission android:name="android.permission.WAKE_LOCK" />
32-->[:firebase_messaging] AndroidManifest.xml:8:5-68
32-->[:firebase_messaging] AndroidManifest.xml:8:22-65
33    <uses-permission android:name="android.permission.ACCESS_NETWORK_STATE" /> <!-- Permissions options for the `notification` group -->
33-->[:firebase_messaging] AndroidManifest.xml:9:5-79
33-->[:firebase_messaging] AndroidManifest.xml:9:22-76
34    <uses-permission android:name="android.permission.POST_NOTIFICATIONS" /> <!-- Create a unique permission for your app and use it so only your app can receive your OneSignal messages. -->
34-->[:firebase_messaging] AndroidManifest.xml:11:5-77
34-->[:firebase_messaging] AndroidManifest.xml:11:22-74
35    <permission
35-->[com.onesignal:notifications:5.1.29] AndroidManifest.xml:10:5-12:47
36        android:name="com.example.speak.permission.C2D_MESSAGE"
36-->[com.onesignal:notifications:5.1.29] AndroidManifest.xml:11:9-63
37        android:protectionLevel="signature" />
37-->[com.onesignal:notifications:5.1.29] AndroidManifest.xml:12:9-44
38
39    <uses-permission android:name="com.example.speak.permission.C2D_MESSAGE" /> <!-- c2dm RECEIVE are basic requirements for push messages through Google's FCM -->
39-->[com.onesignal:notifications:5.1.29] AndroidManifest.xml:14:5-79
39-->[com.onesignal:notifications:5.1.29] AndroidManifest.xml:14:22-76
40    <uses-permission android:name="com.google.android.c2dm.permission.RECEIVE" />
40-->[com.onesignal:notifications:5.1.29] AndroidManifest.xml:19:5-82
40-->[com.onesignal:notifications:5.1.29] AndroidManifest.xml:19:22-79
41    <!--
42 Required so the device vibrates on receiving a push notification.
43         Vibration settings of the device still apply.
44    -->
45    <uses-permission android:name="android.permission.VIBRATE" />
45-->[com.onesignal:notifications:5.1.29] AndroidManifest.xml:24:5-66
45-->[com.onesignal:notifications:5.1.29] AndroidManifest.xml:24:22-63
46    <!--
47 Use to restore notifications the user hasn't interacted with.
48     They could be missed notifications if the user reboots their device if this isn't in place.
49    -->
50    <uses-permission android:name="android.permission.RECEIVE_BOOT_COMPLETED" /> <!-- START: ShortcutBadger -->
50-->[com.onesignal:notifications:5.1.29] AndroidManifest.xml:29:5-81
50-->[com.onesignal:notifications:5.1.29] AndroidManifest.xml:29:22-78
51    <!-- Samsung -->
52    <uses-permission android:name="com.sec.android.provider.badge.permission.READ" />
52-->[com.onesignal:notifications:5.1.29] AndroidManifest.xml:31:5-86
52-->[com.onesignal:notifications:5.1.29] AndroidManifest.xml:31:22-83
53    <uses-permission android:name="com.sec.android.provider.badge.permission.WRITE" /> <!-- HTC -->
53-->[com.onesignal:notifications:5.1.29] AndroidManifest.xml:32:5-87
53-->[com.onesignal:notifications:5.1.29] AndroidManifest.xml:32:22-84
54    <uses-permission android:name="com.htc.launcher.permission.READ_SETTINGS" />
54-->[com.onesignal:notifications:5.1.29] AndroidManifest.xml:33:5-81
54-->[com.onesignal:notifications:5.1.29] AndroidManifest.xml:33:22-78
55    <uses-permission android:name="com.htc.launcher.permission.UPDATE_SHORTCUT" /> <!-- Sony -->
55-->[com.onesignal:notifications:5.1.29] AndroidManifest.xml:34:5-83
55-->[com.onesignal:notifications:5.1.29] AndroidManifest.xml:34:22-80
56    <uses-permission android:name="com.sonyericsson.home.permission.BROADCAST_BADGE" />
56-->[com.onesignal:notifications:5.1.29] AndroidManifest.xml:35:5-88
56-->[com.onesignal:notifications:5.1.29] AndroidManifest.xml:35:22-85
57    <uses-permission android:name="com.sonymobile.home.permission.PROVIDER_INSERT_BADGE" /> <!-- Apex -->
57-->[com.onesignal:notifications:5.1.29] AndroidManifest.xml:36:5-92
57-->[com.onesignal:notifications:5.1.29] AndroidManifest.xml:36:22-89
58    <uses-permission android:name="com.anddoes.launcher.permission.UPDATE_COUNT" /> <!-- Solid -->
58-->[com.onesignal:notifications:5.1.29] AndroidManifest.xml:37:5-84
58-->[com.onesignal:notifications:5.1.29] AndroidManifest.xml:37:22-81
59    <uses-permission android:name="com.majeur.launcher.permission.UPDATE_BADGE" /> <!-- Huawei -->
59-->[com.onesignal:notifications:5.1.29] AndroidManifest.xml:38:5-83
59-->[com.onesignal:notifications:5.1.29] AndroidManifest.xml:38:22-80
60    <uses-permission android:name="com.huawei.android.launcher.permission.CHANGE_BADGE" />
60-->[com.onesignal:notifications:5.1.29] AndroidManifest.xml:39:5-91
60-->[com.onesignal:notifications:5.1.29] AndroidManifest.xml:39:22-88
61    <uses-permission android:name="com.huawei.android.launcher.permission.READ_SETTINGS" />
61-->[com.onesignal:notifications:5.1.29] AndroidManifest.xml:40:5-92
61-->[com.onesignal:notifications:5.1.29] AndroidManifest.xml:40:22-89
62    <uses-permission android:name="com.huawei.android.launcher.permission.WRITE_SETTINGS" /> <!-- ZUK -->
62-->[com.onesignal:notifications:5.1.29] AndroidManifest.xml:41:5-93
62-->[com.onesignal:notifications:5.1.29] AndroidManifest.xml:41:22-90
63    <uses-permission android:name="android.permission.READ_APP_BADGE" /> <!-- OPPO -->
63-->[com.onesignal:notifications:5.1.29] AndroidManifest.xml:42:5-73
63-->[com.onesignal:notifications:5.1.29] AndroidManifest.xml:42:22-70
64    <uses-permission android:name="com.oppo.launcher.permission.READ_SETTINGS" />
64-->[com.onesignal:notifications:5.1.29] AndroidManifest.xml:43:5-82
64-->[com.onesignal:notifications:5.1.29] AndroidManifest.xml:43:22-79
65    <uses-permission android:name="com.oppo.launcher.permission.WRITE_SETTINGS" /> <!-- EvMe -->
65-->[com.onesignal:notifications:5.1.29] AndroidManifest.xml:44:5-83
65-->[com.onesignal:notifications:5.1.29] AndroidManifest.xml:44:22-80
66    <uses-permission android:name="me.everything.badger.permission.BADGE_COUNT_READ" />
66-->[com.onesignal:notifications:5.1.29] AndroidManifest.xml:45:5-88
66-->[com.onesignal:notifications:5.1.29] AndroidManifest.xml:45:22-85
67    <uses-permission android:name="me.everything.badger.permission.BADGE_COUNT_WRITE" />
67-->[com.onesignal:notifications:5.1.29] AndroidManifest.xml:46:5-89
67-->[com.onesignal:notifications:5.1.29] AndroidManifest.xml:46:22-86
68    <uses-permission android:name="android.permission.FOREGROUND_SERVICE" />
68-->[androidx.work:work-runtime:2.8.1] AndroidManifest.xml:26:5-77
68-->[androidx.work:work-runtime:2.8.1] AndroidManifest.xml:26:22-74
69
70    <permission
70-->[androidx.core:core:1.13.1] AndroidManifest.xml:22:5-24:47
71        android:name="com.example.speak.DYNAMIC_RECEIVER_NOT_EXPORTED_PERMISSION"
71-->[androidx.core:core:1.13.1] AndroidManifest.xml:23:9-81
72        android:protectionLevel="signature" />
72-->[androidx.core:core:1.13.1] AndroidManifest.xml:24:9-44
73
74    <uses-permission android:name="com.example.speak.DYNAMIC_RECEIVER_NOT_EXPORTED_PERMISSION" />
74-->[androidx.core:core:1.13.1] AndroidManifest.xml:26:5-97
74-->[androidx.core:core:1.13.1] AndroidManifest.xml:26:22-94
75
76    <application
77        android:name="android.app.Application"
78        android:appComponentFactory="androidx.core.app.CoreComponentFactory"
78-->[androidx.core:core:1.13.1] AndroidManifest.xml:28:18-86
79        android:debuggable="true"
80        android:extractNativeLibs="true"
81        android:icon="@mipmap/ic_launcher"
82        android:label="IOT_BKHCM" >
83        <activity
84            android:name="com.example.speak.MainActivity"
85            android:configChanges="orientation|keyboardHidden|keyboard|screenSize|smallestScreenSize|locale|layoutDirection|fontScale|screenLayout|density|uiMode"
86            android:exported="true"
87            android:hardwareAccelerated="true"
88            android:launchMode="singleTop"
89            android:taskAffinity=""
90            android:theme="@style/LaunchTheme"
91            android:windowSoftInputMode="adjustResize" >
92
93            <!--
94                 Specifies an Android theme to apply to this Activity as soon as
95                 the Android process has started. This theme is visible to the user
96                 while the Flutter UI initializes. After that, this theme continues
97                 to determine the Window background behind the Flutter UI.
98            -->
99            <meta-data
100                android:name="io.flutter.embedding.android.NormalTheme"
101                android:resource="@style/NormalTheme" />
102
103            <intent-filter>
104                <action android:name="android.intent.action.MAIN" />
105
106                <category android:name="android.intent.category.LAUNCHER" />
107            </intent-filter>
108        </activity>
109        <!--
110             Don't delete the meta-data below.
111             This is used by the Flutter tool to generate GeneratedPluginRegistrant.java
112        -->
113        <meta-data
114            android:name="flutterEmbedding"
115            android:value="2" />
116
117        <service
117-->[:firebase_messaging] AndroidManifest.xml:14:9-17:72
118            android:name="io.flutter.plugins.firebase.messaging.FlutterFirebaseMessagingBackgroundService"
118-->[:firebase_messaging] AndroidManifest.xml:15:13-107
119            android:exported="false"
119-->[:firebase_messaging] AndroidManifest.xml:16:13-37
120            android:permission="android.permission.BIND_JOB_SERVICE" />
120-->[:firebase_messaging] AndroidManifest.xml:17:13-69
121        <service
121-->[:firebase_messaging] AndroidManifest.xml:18:9-24:19
122            android:name="io.flutter.plugins.firebase.messaging.FlutterFirebaseMessagingService"
122-->[:firebase_messaging] AndroidManifest.xml:19:13-97
123            android:exported="false" >
123-->[:firebase_messaging] AndroidManifest.xml:20:13-37
124            <intent-filter>
124-->[:firebase_messaging] AndroidManifest.xml:21:13-23:29
125                <action android:name="com.google.firebase.MESSAGING_EVENT" />
125-->[:firebase_messaging] AndroidManifest.xml:22:17-78
125-->[:firebase_messaging] AndroidManifest.xml:22:25-75
126            </intent-filter>
127        </service>
128
129        <receiver
129-->[:firebase_messaging] AndroidManifest.xml:26:9-33:20
130            android:name="io.flutter.plugins.firebase.messaging.FlutterFirebaseMessagingReceiver"
130-->[:firebase_messaging] AndroidManifest.xml:27:13-98
131            android:exported="true"
131-->[:firebase_messaging] AndroidManifest.xml:28:13-36
132            android:permission="com.google.android.c2dm.permission.SEND" >
132-->[:firebase_messaging] AndroidManifest.xml:29:13-73
133            <intent-filter>
133-->[:firebase_messaging] AndroidManifest.xml:30:13-32:29
134                <action android:name="com.google.android.c2dm.intent.RECEIVE" />
134-->[:firebase_messaging] AndroidManifest.xml:31:17-81
134-->[:firebase_messaging] AndroidManifest.xml:31:25-78
135            </intent-filter>
136        </receiver>
137
138        <service
138-->[:firebase_messaging] AndroidManifest.xml:35:9-39:19
139            android:name="com.google.firebase.components.ComponentDiscoveryService"
139-->[:firebase_messaging] AndroidManifest.xml:35:18-89
140            android:directBootAware="true"
140-->[com.google.firebase:firebase-common:21.0.0] AndroidManifest.xml:32:13-43
141            android:exported="false" >
141-->[com.google.firebase:firebase-messaging:24.1.1] AndroidManifest.xml:56:13-37
142            <meta-data
142-->[:firebase_messaging] AndroidManifest.xml:36:13-38:85
143                android:name="com.google.firebase.components:io.flutter.plugins.firebase.messaging.FlutterFirebaseAppRegistrar"
143-->[:firebase_messaging] AndroidManifest.xml:37:17-128
144                android:value="com.google.firebase.components.ComponentRegistrar" />
144-->[:firebase_messaging] AndroidManifest.xml:38:17-82
145            <meta-data
145-->[:firebase_core] AndroidManifest.xml:9:13-11:85
146                android:name="com.google.firebase.components:io.flutter.plugins.firebase.core.FlutterFirebaseCoreRegistrar"
146-->[:firebase_core] AndroidManifest.xml:10:17-124
147                android:value="com.google.firebase.components.ComponentRegistrar" />
147-->[:firebase_core] AndroidManifest.xml:11:17-82
148            <meta-data
148-->[com.google.firebase:firebase-messaging:24.1.1] AndroidManifest.xml:57:13-59:85
149                android:name="com.google.firebase.components:com.google.firebase.messaging.FirebaseMessagingKtxRegistrar"
149-->[com.google.firebase:firebase-messaging:24.1.1] AndroidManifest.xml:58:17-122
150                android:value="com.google.firebase.components.ComponentRegistrar" />
150-->[com.google.firebase:firebase-messaging:24.1.1] AndroidManifest.xml:59:17-82
151            <meta-data
151-->[com.google.firebase:firebase-messaging:24.1.1] AndroidManifest.xml:60:13-62:85
152                android:name="com.google.firebase.components:com.google.firebase.messaging.FirebaseMessagingRegistrar"
152-->[com.google.firebase:firebase-messaging:24.1.1] AndroidManifest.xml:61:17-119
153                android:value="com.google.firebase.components.ComponentRegistrar" />
153-->[com.google.firebase:firebase-messaging:24.1.1] AndroidManifest.xml:62:17-82
154            <meta-data
154-->[com.google.firebase:firebase-installations:18.0.0] AndroidManifest.xml:15:13-17:85
155                android:name="com.google.firebase.components:com.google.firebase.installations.FirebaseInstallationsKtxRegistrar"
155-->[com.google.firebase:firebase-installations:18.0.0] AndroidManifest.xml:16:17-130
156                android:value="com.google.firebase.components.ComponentRegistrar" />
156-->[com.google.firebase:firebase-installations:18.0.0] AndroidManifest.xml:17:17-82
157            <meta-data
157-->[com.google.firebase:firebase-installations:18.0.0] AndroidManifest.xml:18:13-20:85
158                android:name="com.google.firebase.components:com.google.firebase.installations.FirebaseInstallationsRegistrar"
158-->[com.google.firebase:firebase-installations:18.0.0] AndroidManifest.xml:19:17-127
159                android:value="com.google.firebase.components.ComponentRegistrar" />
159-->[com.google.firebase:firebase-installations:18.0.0] AndroidManifest.xml:20:17-82
160            <meta-data
160-->[com.google.firebase:firebase-common-ktx:21.0.0] AndroidManifest.xml:12:13-14:85
161                android:name="com.google.firebase.components:com.google.firebase.ktx.FirebaseCommonLegacyRegistrar"
161-->[com.google.firebase:firebase-common-ktx:21.0.0] AndroidManifest.xml:13:17-116
162                android:value="com.google.firebase.components.ComponentRegistrar" />
162-->[com.google.firebase:firebase-common-ktx:21.0.0] AndroidManifest.xml:14:17-82
163            <meta-data
163-->[com.google.firebase:firebase-common:21.0.0] AndroidManifest.xml:35:13-37:85
164                android:name="com.google.firebase.components:com.google.firebase.FirebaseCommonKtxRegistrar"
164-->[com.google.firebase:firebase-common:21.0.0] AndroidManifest.xml:36:17-109
165                android:value="com.google.firebase.components.ComponentRegistrar" />
165-->[com.google.firebase:firebase-common:21.0.0] AndroidManifest.xml:37:17-82
166            <meta-data
166-->[com.google.firebase:firebase-datatransport:18.2.0] AndroidManifest.xml:25:13-27:85
167                android:name="com.google.firebase.components:com.google.firebase.datatransport.TransportRegistrar"
167-->[com.google.firebase:firebase-datatransport:18.2.0] AndroidManifest.xml:26:17-115
168                android:value="com.google.firebase.components.ComponentRegistrar" />
168-->[com.google.firebase:firebase-datatransport:18.2.0] AndroidManifest.xml:27:17-82
169        </service>
170
171        <provider
171-->[:firebase_messaging] AndroidManifest.xml:41:9-45:38
172            android:name="io.flutter.plugins.firebase.messaging.FlutterFirebaseMessagingInitProvider"
172-->[:firebase_messaging] AndroidManifest.xml:42:13-102
173            android:authorities="com.example.speak.flutterfirebasemessaginginitprovider"
173-->[:firebase_messaging] AndroidManifest.xml:43:13-88
174            android:exported="false"
174-->[:firebase_messaging] AndroidManifest.xml:44:13-37
175            android:initOrder="99" />
175-->[:firebase_messaging] AndroidManifest.xml:45:13-35
176
177        <receiver
177-->[com.onesignal:notifications:5.1.29] AndroidManifest.xml:49:9-60:20
178            android:name="com.onesignal.notifications.receivers.FCMBroadcastReceiver"
178-->[com.onesignal:notifications:5.1.29] AndroidManifest.xml:50:13-86
179            android:exported="true"
179-->[com.onesignal:notifications:5.1.29] AndroidManifest.xml:51:13-36
180            android:permission="com.google.android.c2dm.permission.SEND" >
180-->[com.onesignal:notifications:5.1.29] AndroidManifest.xml:52:13-73
181
182            <!-- High priority so OneSignal payloads can be filtered from other FCM receivers -->
183            <intent-filter android:priority="999" >
183-->[com.onesignal:notifications:5.1.29] AndroidManifest.xml:55:13-59:29
183-->[com.onesignal:notifications:5.1.29] AndroidManifest.xml:55:28-50
184                <action android:name="com.google.android.c2dm.intent.RECEIVE" />
184-->[:firebase_messaging] AndroidManifest.xml:31:17-81
184-->[:firebase_messaging] AndroidManifest.xml:31:25-78
185
186                <category android:name="com.example.speak" />
186-->[com.onesignal:notifications:5.1.29] AndroidManifest.xml:58:17-61
186-->[com.onesignal:notifications:5.1.29] AndroidManifest.xml:58:27-58
187            </intent-filter>
188        </receiver>
189
190        <service
190-->[com.onesignal:notifications:5.1.29] AndroidManifest.xml:62:9-68:19
191            android:name="com.onesignal.notifications.services.HmsMessageServiceOneSignal"
191-->[com.onesignal:notifications:5.1.29] AndroidManifest.xml:63:13-91
192            android:exported="false" >
192-->[com.onesignal:notifications:5.1.29] AndroidManifest.xml:64:13-37
193            <intent-filter>
193-->[com.onesignal:notifications:5.1.29] AndroidManifest.xml:65:13-67:29
194                <action android:name="com.huawei.push.action.MESSAGING_EVENT" />
194-->[com.onesignal:notifications:5.1.29] AndroidManifest.xml:66:17-81
194-->[com.onesignal:notifications:5.1.29] AndroidManifest.xml:66:25-78
195            </intent-filter>
196        </service> <!-- CAUTION: OneSignal backend includes the activity name in the payload, modifying the name without sync may result in notification click not firing -->
197        <activity
197-->[com.onesignal:notifications:5.1.29] AndroidManifest.xml:69:9-77:20
198            android:name="com.onesignal.NotificationOpenedActivityHMS"
198-->[com.onesignal:notifications:5.1.29] AndroidManifest.xml:70:13-71
199            android:exported="true"
199-->[com.onesignal:notifications:5.1.29] AndroidManifest.xml:71:13-36
200            android:noHistory="true"
200-->[com.onesignal:notifications:5.1.29] AndroidManifest.xml:72:13-37
201            android:theme="@android:style/Theme.Translucent.NoTitleBar" >
201-->[com.onesignal:notifications:5.1.29] AndroidManifest.xml:73:13-72
202            <intent-filter>
202-->[com.onesignal:notifications:5.1.29] AndroidManifest.xml:74:13-76:29
203                <action android:name="android.intent.action.VIEW" />
203-->[com.onesignal:notifications:5.1.29] AndroidManifest.xml:75:17-69
203-->[com.onesignal:notifications:5.1.29] AndroidManifest.xml:75:25-66
204            </intent-filter>
205        </activity>
206
207        <receiver
207-->[com.onesignal:notifications:5.1.29] AndroidManifest.xml:79:9-81:39
208            android:name="com.onesignal.notifications.receivers.NotificationDismissReceiver"
208-->[com.onesignal:notifications:5.1.29] AndroidManifest.xml:80:13-93
209            android:exported="true" />
209-->[com.onesignal:notifications:5.1.29] AndroidManifest.xml:81:13-36
210        <receiver
210-->[com.onesignal:notifications:5.1.29] AndroidManifest.xml:82:9-89:20
211            android:name="com.onesignal.notifications.receivers.BootUpReceiver"
211-->[com.onesignal:notifications:5.1.29] AndroidManifest.xml:83:13-80
212            android:exported="true" >
212-->[com.onesignal:notifications:5.1.29] AndroidManifest.xml:84:13-36
213            <intent-filter>
213-->[com.onesignal:notifications:5.1.29] AndroidManifest.xml:85:13-88:29
214                <action android:name="android.intent.action.BOOT_COMPLETED" />
214-->[com.onesignal:notifications:5.1.29] AndroidManifest.xml:86:17-79
214-->[com.onesignal:notifications:5.1.29] AndroidManifest.xml:86:25-76
215                <action android:name="android.intent.action.QUICKBOOT_POWERON" />
215-->[com.onesignal:notifications:5.1.29] AndroidManifest.xml:87:17-82
215-->[com.onesignal:notifications:5.1.29] AndroidManifest.xml:87:25-79
216            </intent-filter>
217        </receiver>
218        <receiver
218-->[com.onesignal:notifications:5.1.29] AndroidManifest.xml:90:9-96:20
219            android:name="com.onesignal.notifications.receivers.UpgradeReceiver"
219-->[com.onesignal:notifications:5.1.29] AndroidManifest.xml:91:13-81
220            android:exported="true" >
220-->[com.onesignal:notifications:5.1.29] AndroidManifest.xml:92:13-36
221            <intent-filter>
221-->[com.onesignal:notifications:5.1.29] AndroidManifest.xml:93:13-95:29
222                <action android:name="android.intent.action.MY_PACKAGE_REPLACED" />
222-->[com.onesignal:notifications:5.1.29] AndroidManifest.xml:94:17-84
222-->[com.onesignal:notifications:5.1.29] AndroidManifest.xml:94:25-81
223            </intent-filter>
224        </receiver>
225
226        <activity
226-->[com.onesignal:notifications:5.1.29] AndroidManifest.xml:98:9-104:75
227            android:name="com.onesignal.notifications.activities.NotificationOpenedActivity"
227-->[com.onesignal:notifications:5.1.29] AndroidManifest.xml:99:13-93
228            android:excludeFromRecents="true"
228-->[com.onesignal:notifications:5.1.29] AndroidManifest.xml:100:13-46
229            android:exported="true"
229-->[com.onesignal:notifications:5.1.29] AndroidManifest.xml:101:13-36
230            android:noHistory="true"
230-->[com.onesignal:notifications:5.1.29] AndroidManifest.xml:102:13-37
231            android:taskAffinity=""
231-->[com.onesignal:notifications:5.1.29] AndroidManifest.xml:103:13-36
232            android:theme="@android:style/Theme.Translucent.NoTitleBar" />
232-->[com.onesignal:notifications:5.1.29] AndroidManifest.xml:104:13-72
233        <activity
233-->[com.onesignal:notifications:5.1.29] AndroidManifest.xml:105:9-110:75
234            android:name="com.onesignal.notifications.activities.NotificationOpenedActivityAndroid22AndOlder"
234-->[com.onesignal:notifications:5.1.29] AndroidManifest.xml:106:13-110
235            android:excludeFromRecents="true"
235-->[com.onesignal:notifications:5.1.29] AndroidManifest.xml:107:13-46
236            android:exported="true"
236-->[com.onesignal:notifications:5.1.29] AndroidManifest.xml:108:13-36
237            android:noHistory="true"
237-->[com.onesignal:notifications:5.1.29] AndroidManifest.xml:109:13-37
238            android:theme="@android:style/Theme.Translucent.NoTitleBar" />
238-->[com.onesignal:notifications:5.1.29] AndroidManifest.xml:110:13-72
239
240        <receiver
240-->[com.google.firebase:firebase-messaging:24.1.1] AndroidManifest.xml:29:9-40:20
241            android:name="com.google.firebase.iid.FirebaseInstanceIdReceiver"
241-->[com.google.firebase:firebase-messaging:24.1.1] AndroidManifest.xml:30:13-78
242            android:exported="true"
242-->[com.google.firebase:firebase-messaging:24.1.1] AndroidManifest.xml:31:13-36
243            android:permission="com.google.android.c2dm.permission.SEND" >
243-->[com.google.firebase:firebase-messaging:24.1.1] AndroidManifest.xml:32:13-73
244            <intent-filter>
244-->[:firebase_messaging] AndroidManifest.xml:30:13-32:29
245                <action android:name="com.google.android.c2dm.intent.RECEIVE" />
245-->[:firebase_messaging] AndroidManifest.xml:31:17-81
245-->[:firebase_messaging] AndroidManifest.xml:31:25-78
246            </intent-filter>
247
248            <meta-data
248-->[com.google.firebase:firebase-messaging:24.1.1] AndroidManifest.xml:37:13-39:40
249                android:name="com.google.android.gms.cloudmessaging.FINISHED_AFTER_HANDLED"
249-->[com.google.firebase:firebase-messaging:24.1.1] AndroidManifest.xml:38:17-92
250                android:value="true" />
250-->[com.google.firebase:firebase-messaging:24.1.1] AndroidManifest.xml:39:17-37
251        </receiver>
252        <!--
253             FirebaseMessagingService performs security checks at runtime,
254             but set to not exported to explicitly avoid allowing another app to call it.
255        -->
256        <service
256-->[com.google.firebase:firebase-messaging:24.1.1] AndroidManifest.xml:46:9-53:19
257            android:name="com.google.firebase.messaging.FirebaseMessagingService"
257-->[com.google.firebase:firebase-messaging:24.1.1] AndroidManifest.xml:47:13-82
258            android:directBootAware="true"
258-->[com.google.firebase:firebase-messaging:24.1.1] AndroidManifest.xml:48:13-43
259            android:exported="false" >
259-->[com.google.firebase:firebase-messaging:24.1.1] AndroidManifest.xml:49:13-37
260            <intent-filter android:priority="-500" >
260-->[:firebase_messaging] AndroidManifest.xml:21:13-23:29
261                <action android:name="com.google.firebase.MESSAGING_EVENT" />
261-->[:firebase_messaging] AndroidManifest.xml:22:17-78
261-->[:firebase_messaging] AndroidManifest.xml:22:25-75
262            </intent-filter>
263        </service>
264
265        <activity
265-->[:url_launcher_android] AndroidManifest.xml:8:9-11:74
266            android:name="io.flutter.plugins.urllauncher.WebViewActivity"
266-->[:url_launcher_android] AndroidManifest.xml:9:13-74
267            android:exported="false"
267-->[:url_launcher_android] AndroidManifest.xml:10:13-37
268            android:theme="@android:style/Theme.NoTitleBar.Fullscreen" />
268-->[:url_launcher_android] AndroidManifest.xml:11:13-71
269
270        <uses-library
270-->[androidx.window:window:1.2.0] AndroidManifest.xml:23:9-25:40
271            android:name="androidx.window.extensions"
271-->[androidx.window:window:1.2.0] AndroidManifest.xml:24:13-54
272            android:required="false" />
272-->[androidx.window:window:1.2.0] AndroidManifest.xml:25:13-37
273        <uses-library
273-->[androidx.window:window:1.2.0] AndroidManifest.xml:26:9-28:40
274            android:name="androidx.window.sidecar"
274-->[androidx.window:window:1.2.0] AndroidManifest.xml:27:13-51
275            android:required="false" />
275-->[androidx.window:window:1.2.0] AndroidManifest.xml:28:13-37
276
277        <service
277-->[com.onesignal:core:5.1.29] AndroidManifest.xml:13:9-16:72
278            android:name="com.onesignal.core.services.SyncJobService"
278-->[com.onesignal:core:5.1.29] AndroidManifest.xml:14:13-70
279            android:exported="false"
279-->[com.onesignal:core:5.1.29] AndroidManifest.xml:15:13-37
280            android:permission="android.permission.BIND_JOB_SERVICE" />
280-->[com.onesignal:core:5.1.29] AndroidManifest.xml:16:13-69
281
282        <activity
282-->[com.onesignal:core:5.1.29] AndroidManifest.xml:18:9-21:75
283            android:name="com.onesignal.core.activities.PermissionsActivity"
283-->[com.onesignal:core:5.1.29] AndroidManifest.xml:19:13-77
284            android:exported="false"
284-->[com.onesignal:core:5.1.29] AndroidManifest.xml:20:13-37
285            android:theme="@android:style/Theme.Translucent.NoTitleBar" />
285-->[com.onesignal:core:5.1.29] AndroidManifest.xml:21:13-72
286
287        <provider
287-->[com.google.firebase:firebase-common:21.0.0] AndroidManifest.xml:23:9-28:39
288            android:name="com.google.firebase.provider.FirebaseInitProvider"
288-->[com.google.firebase:firebase-common:21.0.0] AndroidManifest.xml:24:13-77
289            android:authorities="com.example.speak.firebaseinitprovider"
289-->[com.google.firebase:firebase-common:21.0.0] AndroidManifest.xml:25:13-72
290            android:directBootAware="true"
290-->[com.google.firebase:firebase-common:21.0.0] AndroidManifest.xml:26:13-43